# Logfile created on Wed Feb 03 12:43:59 +0000 2010REQUESTING PAGE: GET / with {} and HTTP headers {}


Processing LocationsController#show (for 127.0.0.1 at 2010-02-03 13:13:30) [GET]
  Parameters: {"id"=>1}
  [4;36;1mLocation Load (0.3ms)[0m   [0;1mSELECT * FROM "locations" WHERE ("locations"."id" = 1) [0m


Processing ApplicationController#show (for 127.0.0.1 at 2010-02-03 13:13:30) [GET]
  Parameters: {"id"=>1}
REQUESTING PAGE: GET / with {} and HTTP headers {}


Processing LocationsController#show (for 127.0.0.1 at 2010-02-03 13:24:14) [GET]
  Parameters: {"id"=>1}
  [4;36;1mLocation Load (0.6ms)[0m   [0;1mSELECT * FROM "locations" WHERE ("locations"."id" = 1) [0m


Processing ApplicationController#show (for 127.0.0.1 at 2010-02-03 13:24:14) [GET]
  Parameters: {"id"=>1}


Processing SessionsController#destroy (for 127.0.0.1 at 2010-02-03 13:27:41) [GET]
Redirected to http://www.example.com/
Completed in 184ms (DB: 2) | 302 Found [http://www.example.com/sessions/destroy]


Processing LocationsController#show (for 127.0.0.1 at 2010-02-03 13:27:41) [GET]
  Parameters: {"id"=>1}
  [4;36;1mLocation Load (0.2ms)[0m   [0;1mSELECT * FROM "locations" WHERE ("locations"."id" = 1) [0m


Processing ApplicationController#show (for 127.0.0.1 at 2010-02-03 13:27:41) [GET]
  Parameters: {"id"=>1}


Processing SessionsController#destroy (for 127.0.0.1 at 2010-02-03 13:27:41) [GET]
Redirected to http://www.example.com/
Completed in 0ms (DB: 1) | 302 Found [http://www.example.com/sessions/destroy]


Processing LocationsController#show (for 127.0.0.1 at 2010-02-03 13:27:41) [GET]
  Parameters: {"id"=>1}
  [4;35;1mLocation Load (0.2ms)[0m   [0mSELECT * FROM "locations" WHERE ("locations"."id" = 1) [0m


Processing ApplicationController#show (for 127.0.0.1 at 2010-02-03 13:27:41) [GET]
  Parameters: {"id"=>1}


Processing SessionsController#destroy (for 127.0.0.1 at 2010-02-03 13:27:41) [GET]
Redirected to http://www.example.com/
Completed in 0ms (DB: 1) | 302 Found [http://www.example.com/sessions/destroy]


Processing LocationsController#show (for 127.0.0.1 at 2010-02-03 13:27:41) [GET]
  Parameters: {"id"=>1}
  [4;36;1mLocation Load (0.3ms)[0m   [0;1mSELECT * FROM "locations" WHERE ("locations"."id" = 1) [0m


Processing ApplicationController#show (for 127.0.0.1 at 2010-02-03 13:27:41) [GET]
  Parameters: {"id"=>1}


Processing SessionsController#destroy (for 127.0.0.1 at 2010-02-03 13:27:41) [GET]
Redirected to http://www.example.com/
Completed in 0ms (DB: 1) | 302 Found [http://www.example.com/sessions/destroy]


Processing LocationsController#show (for 127.0.0.1 at 2010-02-03 13:27:41) [GET]
  Parameters: {"id"=>1}
  [4;35;1mLocation Load (0.3ms)[0m   [0mSELECT * FROM "locations" WHERE ("locations"."id" = 1) [0m


Processing ApplicationController#show (for 127.0.0.1 at 2010-02-03 13:27:41) [GET]
  Parameters: {"id"=>1}


Processing SessionsController#destroy (for 127.0.0.1 at 2010-02-03 13:27:41) [GET]
Redirected to http://www.example.com/
Completed in 0ms (DB: 1) | 302 Found [http://www.example.com/sessions/destroy]


Processing LocationsController#show (for 127.0.0.1 at 2010-02-03 13:27:41) [GET]
  Parameters: {"id"=>1}
  [4;36;1mLocation Load (0.3ms)[0m   [0;1mSELECT * FROM "locations" WHERE ("locations"."id" = 1) [0m


Processing ApplicationController#show (for 127.0.0.1 at 2010-02-03 13:27:41) [GET]
  Parameters: {"id"=>1}


Processing SessionsController#destroy (for 127.0.0.1 at 2010-02-03 13:27:41) [GET]
Redirected to http://www.example.com/
Completed in 0ms (DB: 1) | 302 Found [http://www.example.com/sessions/destroy]


Processing LocationsController#show (for 127.0.0.1 at 2010-02-03 13:27:41) [GET]
  Parameters: {"id"=>1}
  [4;35;1mLocation Load (0.2ms)[0m   [0mSELECT * FROM "locations" WHERE ("locations"."id" = 1) [0m


Processing ApplicationController#show (for 127.0.0.1 at 2010-02-03 13:27:41) [GET]
  Parameters: {"id"=>1}


Processing SessionsController#destroy (for 127.0.0.1 at 2010-02-03 13:27:41) [GET]
Redirected to http://www.example.com/
Completed in 0ms (DB: 1) | 302 Found [http://www.example.com/sessions/destroy]


Processing LocationsController#show (for 127.0.0.1 at 2010-02-03 13:27:41) [GET]
  Parameters: {"id"=>1}
  [4;36;1mLocation Load (0.2ms)[0m   [0;1mSELECT * FROM "locations" WHERE ("locations"."id" = 1) [0m


Processing ApplicationController#show (for 127.0.0.1 at 2010-02-03 13:27:41) [GET]
  Parameters: {"id"=>1}


Processing SessionsController#destroy (for 127.0.0.1 at 2010-02-03 13:27:41) [GET]
Redirected to http://www.example.com/
Completed in 0ms (DB: 1) | 302 Found [http://www.example.com/sessions/destroy]


Processing LocationsController#show (for 127.0.0.1 at 2010-02-03 13:27:41) [GET]
  Parameters: {"id"=>1}
  [4;35;1mLocation Load (0.2ms)[0m   [0mSELECT * FROM "locations" WHERE ("locations"."id" = 1) [0m


Processing ApplicationController#show (for 127.0.0.1 at 2010-02-03 13:27:41) [GET]
  Parameters: {"id"=>1}
REQUESTING PAGE: GET / with {} and HTTP headers {}


Processing LocationsController#show (for 127.0.0.1 at 2010-02-03 13:27:41) [GET]
  Parameters: {"id"=>1}
  [4;36;1mLocation Load (0.2ms)[0m   [0;1mSELECT * FROM "locations" WHERE ("locations"."id" = 1) [0m


Processing ApplicationController#show (for 127.0.0.1 at 2010-02-03 13:27:41) [GET]
  Parameters: {"id"=>1}


Processing SessionsController#destroy (for 127.0.0.1 at 2010-02-03 13:27:42) [GET]
Redirected to http://www.example.com/
Completed in 0ms (DB: 3) | 302 Found [http://www.example.com/sessions/destroy]


Processing LocationsController#show (for 127.0.0.1 at 2010-02-03 13:27:42) [GET]
  Parameters: {"id"=>1}
  [4;35;1mLocation Load (0.2ms)[0m   [0mSELECT * FROM "locations" WHERE ("locations"."id" = 1) [0m


Processing ApplicationController#show (for 127.0.0.1 at 2010-02-03 13:27:42) [GET]
  Parameters: {"id"=>1}


Processing SessionsController#destroy (for 127.0.0.1 at 2010-02-03 13:27:42) [GET]
Redirected to http://www.example.com/
Completed in 0ms (DB: 1) | 302 Found [http://www.example.com/sessions/destroy]


Processing LocationsController#show (for 127.0.0.1 at 2010-02-03 13:27:42) [GET]
  Parameters: {"id"=>1}
  [4;36;1mLocation Load (0.2ms)[0m   [0;1mSELECT * FROM "locations" WHERE ("locations"."id" = 1) [0m


Processing ApplicationController#show (for 127.0.0.1 at 2010-02-03 13:27:42) [GET]
  Parameters: {"id"=>1}


Processing UsersController#create (for 127.0.0.1 at 2010-02-03 13:27:42) [POST]
  Parameters: {"user"=>{"password_confirmation"=>"monkey", "login"=>"reggie", "password"=>"monkey", "email"=>"registered@example.com"}}
  [4;35;1mUser Load (0.2ms)[0m   [0mSELECT "users".id FROM "users" WHERE ("users"."login" = 'reggie') LIMIT 1[0m
  [4;36;1mCACHE (0.0ms)[0m   [0;1mSELECT "users".id FROM "users" WHERE ("users"."login" = 'reggie') LIMIT 1[0m
Rendering template within layouts/application
Rendering users/new
Completed in 55ms (View: 39, DB: 1) | 200 OK [http://www.example.com/users]
  [4;35;1mUser Load (0.2ms)[0m   [0mSELECT * FROM "users" WHERE ("users"."login" = 'reggie') LIMIT 1[0m


Processing SessionsController#destroy (for 127.0.0.1 at 2010-02-03 13:27:42) [GET]
Redirected to http://www.example.com/
Completed in 0ms (DB: 1) | 302 Found [http://www.example.com/sessions/destroy]


Processing LocationsController#show (for 127.0.0.1 at 2010-02-03 13:27:42) [GET]
  Parameters: {"id"=>1}
  [4;36;1mLocation Load (0.2ms)[0m   [0;1mSELECT * FROM "locations" WHERE ("locations"."id" = 1) [0m


Processing ApplicationController#show (for 127.0.0.1 at 2010-02-03 13:27:42) [GET]
  Parameters: {"id"=>1}


Processing UsersController#create (for 127.0.0.1 at 2010-02-03 13:27:42) [POST]
  Parameters: {"user"=>{"password_confirmation"=>"1234oona", "login"=>"oona", "password"=>"1234oona", "email"=>"unactivated@example.com"}}
  [4;35;1mUser Load (0.2ms)[0m   [0mSELECT "users".id FROM "users" WHERE ("users"."login" = 'oona') LIMIT 1[0m
  [4;36;1mCACHE (0.0ms)[0m   [0;1mSELECT "users".id FROM "users" WHERE ("users"."login" = 'oona') LIMIT 1[0m
Rendering template within layouts/application
Rendering users/new
Completed in 32ms (View: 28, DB: 1) | 200 OK [http://www.example.com/users]
  [4;35;1mUser Load (0.2ms)[0m   [0mSELECT * FROM "users" WHERE ("users"."login" = 'oona') LIMIT 1[0m


Processing UsersController#create (for 127.0.0.1 at 2010-02-03 13:27:42) [POST]
  Parameters: {"user"=>{"password_confirmation"=>"monkey", "login"=>"reggie", "password"=>"monkey", "email"=>"registered@example.com"}}
  [4;36;1mUser Load (0.2ms)[0m   [0;1mSELECT "users".id FROM "users" WHERE ("users"."login" = 'reggie') LIMIT 1[0m
  [4;35;1mCACHE (0.0ms)[0m   [0mSELECT "users".id FROM "users" WHERE ("users"."login" = 'reggie') LIMIT 1[0m
Rendering template within layouts/application
Rendering users/new
Completed in 28ms (View: 24, DB: 1) | 200 OK [http://www.example.com/users]
  [4;36;1mUser Load (0.2ms)[0m   [0;1mSELECT * FROM "users" WHERE ("users"."login" = 'reggie') LIMIT 1[0m


Processing SessionsController#destroy (for 127.0.0.1 at 2010-02-03 13:27:42) [GET]
Redirected to http://www.example.com/
Completed in 0ms (DB: 1) | 302 Found [http://www.example.com/sessions/destroy]


Processing LocationsController#show (for 127.0.0.1 at 2010-02-03 13:27:42) [GET]
  Parameters: {"id"=>1}
  [4;35;1mLocation Load (0.2ms)[0m   [0mSELECT * FROM "locations" WHERE ("locations"."id" = 1) [0m


Processing ApplicationController#show (for 127.0.0.1 at 2010-02-03 13:27:42) [GET]
  Parameters: {"id"=>1}


Processing UsersController#create (for 127.0.0.1 at 2010-02-03 13:27:42) [POST]
  Parameters: {"user"=>{"password_confirmation"=>"monkey", "login"=>"reggie", "password"=>"monkey", "email"=>"registered@example.com"}}
  [4;36;1mUser Load (0.2ms)[0m   [0;1mSELECT "users".id FROM "users" WHERE ("users"."login" = 'reggie') LIMIT 1[0m
  [4;35;1mCACHE (0.0ms)[0m   [0mSELECT "users".id FROM "users" WHERE ("users"."login" = 'reggie') LIMIT 1[0m
Rendering template within layouts/application
Rendering users/new
Completed in 25ms (View: 21, DB: 1) | 200 OK [http://www.example.com/users]
  [4;36;1mUser Load (0.3ms)[0m   [0;1mSELECT * FROM "users" WHERE ("users"."login" = 'reggie') LIMIT 1[0m


Processing SessionsController#destroy (for 127.0.0.1 at 2010-02-03 13:30:25) [GET]
Redirected to http://www.example.com/
Completed in 80ms (DB: 2) | 302 Found [http://www.example.com/sessions/destroy]


Processing LocationsController#show (for 127.0.0.1 at 2010-02-03 13:30:25) [GET]
  Parameters: {"id"=>1}
  [4;36;1mLocation Load (0.5ms)[0m   [0;1mSELECT * FROM "locations" WHERE ("locations"."id" = 1) [0m
Rendering template within layouts/application
Rendering locations/show


Processing ApplicationController#show (for 127.0.0.1 at 2010-02-03 13:30:25) [GET]
  Parameters: {"id"=>1}


Processing SessionsController#destroy (for 127.0.0.1 at 2010-02-03 13:30:25) [GET]
Redirected to http://www.example.com/
Completed in 0ms (DB: 1) | 302 Found [http://www.example.com/sessions/destroy]


Processing LocationsController#show (for 127.0.0.1 at 2010-02-03 13:30:25) [GET]
  Parameters: {"id"=>1}
  [4;35;1mLocation Load (0.5ms)[0m   [0mSELECT * FROM "locations" WHERE ("locations"."id" = 1) [0m
Rendering template within layouts/application
Rendering locations/show


Processing ApplicationController#show (for 127.0.0.1 at 2010-02-03 13:30:25) [GET]
  Parameters: {"id"=>1}


Processing SessionsController#destroy (for 127.0.0.1 at 2010-02-03 13:30:25) [GET]
Redirected to http://www.example.com/
Completed in 0ms (DB: 1) | 302 Found [http://www.example.com/sessions/destroy]


Processing LocationsController#show (for 127.0.0.1 at 2010-02-03 13:30:25) [GET]
  Parameters: {"id"=>1}
  [4;36;1mLocation Load (0.4ms)[0m   [0;1mSELECT * FROM "locations" WHERE ("locations"."id" = 1) [0m
Rendering template within layouts/application
Rendering locations/show


Processing ApplicationController#show (for 127.0.0.1 at 2010-02-03 13:30:25) [GET]
  Parameters: {"id"=>1}


Processing SessionsController#destroy (for 127.0.0.1 at 2010-02-03 13:30:25) [GET]
Redirected to http://www.example.com/
Completed in 1ms (DB: 1) | 302 Found [http://www.example.com/sessions/destroy]


Processing LocationsController#show (for 127.0.0.1 at 2010-02-03 13:30:25) [GET]
  Parameters: {"id"=>1}
  [4;35;1mLocation Load (0.4ms)[0m   [0mSELECT * FROM "locations" WHERE ("locations"."id" = 1) [0m
Rendering template within layouts/application
Rendering locations/show


Processing ApplicationController#show (for 127.0.0.1 at 2010-02-03 13:30:25) [GET]
  Parameters: {"id"=>1}


Processing SessionsController#destroy (for 127.0.0.1 at 2010-02-03 13:30:25) [GET]
Redirected to http://www.example.com/
Completed in 0ms (DB: 1) | 302 Found [http://www.example.com/sessions/destroy]


Processing LocationsController#show (for 127.0.0.1 at 2010-02-03 13:30:25) [GET]
  Parameters: {"id"=>1}
  [4;36;1mLocation Load (0.7ms)[0m   [0;1mSELECT * FROM "locations" WHERE ("locations"."id" = 1) [0m
Rendering template within layouts/application
Rendering locations/show


Processing ApplicationController#show (for 127.0.0.1 at 2010-02-03 13:30:25) [GET]
  Parameters: {"id"=>1}


Processing SessionsController#destroy (for 127.0.0.1 at 2010-02-03 13:30:25) [GET]
Redirected to http://www.example.com/
Completed in 1ms (DB: 2) | 302 Found [http://www.example.com/sessions/destroy]


Processing LocationsController#show (for 127.0.0.1 at 2010-02-03 13:30:25) [GET]
  Parameters: {"id"=>1}
  [4;35;1mLocation Load (0.6ms)[0m   [0mSELECT * FROM "locations" WHERE ("locations"."id" = 1) [0m
Rendering template within layouts/application
Rendering locations/show


Processing ApplicationController#show (for 127.0.0.1 at 2010-02-03 13:30:25) [GET]
  Parameters: {"id"=>1}


Processing SessionsController#destroy (for 127.0.0.1 at 2010-02-03 13:30:25) [GET]
Redirected to http://www.example.com/
Completed in 0ms (DB: 1) | 302 Found [http://www.example.com/sessions/destroy]


Processing LocationsController#show (for 127.0.0.1 at 2010-02-03 13:30:25) [GET]
  Parameters: {"id"=>1}
  [4;36;1mLocation Load (0.4ms)[0m   [0;1mSELECT * FROM "locations" WHERE ("locations"."id" = 1) [0m
Rendering template within layouts/application
Rendering locations/show


Processing ApplicationController#show (for 127.0.0.1 at 2010-02-03 13:30:25) [GET]
  Parameters: {"id"=>1}


Processing SessionsController#destroy (for 127.0.0.1 at 2010-02-03 13:30:25) [GET]
Redirected to http://www.example.com/
Completed in 1ms (DB: 1) | 302 Found [http://www.example.com/sessions/destroy]


Processing LocationsController#show (for 127.0.0.1 at 2010-02-03 13:30:25) [GET]
  Parameters: {"id"=>1}
  [4;35;1mLocation Load (0.9ms)[0m   [0mSELECT * FROM "locations" WHERE ("locations"."id" = 1) [0m
Rendering template within layouts/application
Rendering locations/show


Processing ApplicationController#show (for 127.0.0.1 at 2010-02-03 13:30:25) [GET]
  Parameters: {"id"=>1}
REQUESTING PAGE: GET / with {} and HTTP headers {}


Processing LocationsController#show (for 127.0.0.1 at 2010-02-03 13:30:26) [GET]
  Parameters: {"id"=>1}
  [4;36;1mLocation Load (0.4ms)[0m   [0;1mSELECT * FROM "locations" WHERE ("locations"."id" = 1) [0m
Rendering template within layouts/application
Rendering locations/show


Processing ApplicationController#show (for 127.0.0.1 at 2010-02-03 13:30:26) [GET]
  Parameters: {"id"=>1}


Processing SessionsController#destroy (for 127.0.0.1 at 2010-02-03 13:30:26) [GET]
Redirected to http://www.example.com/
Completed in 0ms (DB: 1) | 302 Found [http://www.example.com/sessions/destroy]


Processing LocationsController#show (for 127.0.0.1 at 2010-02-03 13:30:26) [GET]
  Parameters: {"id"=>1}
  [4;35;1mLocation Load (0.4ms)[0m   [0mSELECT * FROM "locations" WHERE ("locations"."id" = 1) [0m
Rendering template within layouts/application
Rendering locations/show


Processing ApplicationController#show (for 127.0.0.1 at 2010-02-03 13:30:26) [GET]
  Parameters: {"id"=>1}


Processing SessionsController#destroy (for 127.0.0.1 at 2010-02-03 13:30:26) [GET]
Redirected to http://www.example.com/
Completed in 1ms (DB: 1) | 302 Found [http://www.example.com/sessions/destroy]


Processing LocationsController#show (for 127.0.0.1 at 2010-02-03 13:30:26) [GET]
  Parameters: {"id"=>1}
  [4;36;1mLocation Load (0.8ms)[0m   [0;1mSELECT * FROM "locations" WHERE ("locations"."id" = 1) [0m
Rendering template within layouts/application
Rendering locations/show


Processing ApplicationController#show (for 127.0.0.1 at 2010-02-03 13:30:26) [GET]
  Parameters: {"id"=>1}


Processing UsersController#create (for 127.0.0.1 at 2010-02-03 13:30:26) [POST]
  Parameters: {"user"=>{"password_confirmation"=>"monkey", "login"=>"reggie", "password"=>"monkey", "email"=>"registered@example.com"}}
  [4;35;1mUser Load (0.2ms)[0m   [0mSELECT "users".id FROM "users" WHERE ("users"."login" = 'reggie') LIMIT 1[0m
  [4;36;1mCACHE (0.0ms)[0m   [0;1mSELECT "users".id FROM "users" WHERE ("users"."login" = 'reggie') LIMIT 1[0m
Rendering template within layouts/application
Rendering users/new
Completed in 41ms (View: 28, DB: 1) | 200 OK [http://www.example.com/users]
  [4;35;1mUser Load (0.2ms)[0m   [0mSELECT * FROM "users" WHERE ("users"."login" = 'reggie') LIMIT 1[0m


Processing SessionsController#destroy (for 127.0.0.1 at 2010-02-03 13:30:26) [GET]
Redirected to http://www.example.com/
Completed in 0ms (DB: 1) | 302 Found [http://www.example.com/sessions/destroy]


Processing LocationsController#show (for 127.0.0.1 at 2010-02-03 13:30:26) [GET]
  Parameters: {"id"=>1}
  [4;36;1mLocation Load (0.4ms)[0m   [0;1mSELECT * FROM "locations" WHERE ("locations"."id" = 1) [0m
Rendering template within layouts/application
Rendering locations/show


Processing ApplicationController#show (for 127.0.0.1 at 2010-02-03 13:30:26) [GET]
  Parameters: {"id"=>1}


Processing UsersController#create (for 127.0.0.1 at 2010-02-03 13:30:26) [POST]
  Parameters: {"user"=>{"password_confirmation"=>"1234oona", "login"=>"oona", "password"=>"1234oona", "email"=>"unactivated@example.com"}}
  [4;35;1mUser Load (0.3ms)[0m   [0mSELECT "users".id FROM "users" WHERE ("users"."login" = 'oona') LIMIT 1[0m
  [4;36;1mCACHE (0.0ms)[0m   [0;1mSELECT "users".id FROM "users" WHERE ("users"."login" = 'oona') LIMIT 1[0m
Rendering template within layouts/application
Rendering users/new
Completed in 33ms (View: 25, DB: 1) | 200 OK [http://www.example.com/users]
  [4;35;1mUser Load (0.2ms)[0m   [0mSELECT * FROM "users" WHERE ("users"."login" = 'oona') LIMIT 1[0m


Processing UsersController#create (for 127.0.0.1 at 2010-02-03 13:30:26) [POST]
  Parameters: {"user"=>{"password_confirmation"=>"monkey", "login"=>"reggie", "password"=>"monkey", "email"=>"registered@example.com"}}
  [4;36;1mUser Load (0.2ms)[0m   [0;1mSELECT "users".id FROM "users" WHERE ("users"."login" = 'reggie') LIMIT 1[0m
  [4;35;1mCACHE (0.0ms)[0m   [0mSELECT "users".id FROM "users" WHERE ("users"."login" = 'reggie') LIMIT 1[0m
Rendering template within layouts/application
Rendering users/new
Completed in 31ms (View: 24, DB: 2) | 200 OK [http://www.example.com/users]
  [4;36;1mUser Load (0.3ms)[0m   [0;1mSELECT * FROM "users" WHERE ("users"."login" = 'reggie') LIMIT 1[0m


Processing SessionsController#destroy (for 127.0.0.1 at 2010-02-03 13:30:26) [GET]
Redirected to http://www.example.com/
Completed in 0ms (DB: 1) | 302 Found [http://www.example.com/sessions/destroy]


Processing LocationsController#show (for 127.0.0.1 at 2010-02-03 13:30:26) [GET]
  Parameters: {"id"=>1}
  [4;35;1mLocation Load (0.4ms)[0m   [0mSELECT * FROM "locations" WHERE ("locations"."id" = 1) [0m
Rendering template within layouts/application
Rendering locations/show


Processing ApplicationController#show (for 127.0.0.1 at 2010-02-03 13:30:26) [GET]
  Parameters: {"id"=>1}


Processing UsersController#create (for 127.0.0.1 at 2010-02-03 13:30:26) [POST]
  Parameters: {"user"=>{"password_confirmation"=>"monkey", "login"=>"reggie", "password"=>"monkey", "email"=>"registered@example.com"}}
  [4;36;1mUser Load (0.2ms)[0m   [0;1mSELECT "users".id FROM "users" WHERE ("users"."login" = 'reggie') LIMIT 1[0m
  [4;35;1mCACHE (0.0ms)[0m   [0mSELECT "users".id FROM "users" WHERE ("users"."login" = 'reggie') LIMIT 1[0m
Rendering template within layouts/application
Rendering users/new
Completed in 31ms (View: 22, DB: 3) | 200 OK [http://www.example.com/users]
  [4;36;1mUser Load (0.3ms)[0m   [0;1mSELECT * FROM "users" WHERE ("users"."login" = 'reggie') LIMIT 1[0m


Processing SessionsController#destroy (for 127.0.0.1 at 2010-02-03 13:32:22) [GET]
Redirected to http://www.example.com/
Completed in 78ms (DB: 0) | 302 Found [http://www.example.com/sessions/destroy]


Processing LocationsController#show (for 127.0.0.1 at 2010-02-03 13:32:23) [GET]
  Parameters: {"id"=>1}
  [4;36;1mLocation Load (0.3ms)[0m   [0;1mSELECT * FROM "locations" WHERE ("locations"."id" = 1) [0m


Processing ApplicationController#show (for 127.0.0.1 at 2010-02-03 13:32:23) [GET]
  Parameters: {"id"=>1}


Processing SessionsController#destroy (for 127.0.0.1 at 2010-02-03 13:32:23) [GET]
Redirected to http://www.example.com/
Completed in 1ms (DB: 0) | 302 Found [http://www.example.com/sessions/destroy]


Processing LocationsController#show (for 127.0.0.1 at 2010-02-03 13:32:23) [GET]
  Parameters: {"id"=>1}
  [4;35;1mLocation Load (0.3ms)[0m   [0mSELECT * FROM "locations" WHERE ("locations"."id" = 1) [0m


Processing ApplicationController#show (for 127.0.0.1 at 2010-02-03 13:32:23) [GET]
  Parameters: {"id"=>1}


Processing SessionsController#destroy (for 127.0.0.1 at 2010-02-03 13:32:23) [GET]
Redirected to http://www.example.com/
Completed in 0ms (DB: 0) | 302 Found [http://www.example.com/sessions/destroy]


Processing LocationsController#show (for 127.0.0.1 at 2010-02-03 13:32:23) [GET]
  Parameters: {"id"=>1}
  [4;36;1mLocation Load (0.3ms)[0m   [0;1mSELECT * FROM "locations" WHERE ("locations"."id" = 1) [0m


Processing ApplicationController#show (for 127.0.0.1 at 2010-02-03 13:32:23) [GET]
  Parameters: {"id"=>1}


Processing SessionsController#destroy (for 127.0.0.1 at 2010-02-03 13:32:23) [GET]
Redirected to http://www.example.com/
Completed in 1ms (DB: 0) | 302 Found [http://www.example.com/sessions/destroy]


Processing LocationsController#show (for 127.0.0.1 at 2010-02-03 13:32:23) [GET]
  Parameters: {"id"=>1}
  [4;35;1mLocation Load (0.3ms)[0m   [0mSELECT * FROM "locations" WHERE ("locations"."id" = 1) [0m


Processing ApplicationController#show (for 127.0.0.1 at 2010-02-03 13:32:23) [GET]
  Parameters: {"id"=>1}


Processing SessionsController#destroy (for 127.0.0.1 at 2010-02-03 13:32:23) [GET]
Redirected to http://www.example.com/
Completed in 0ms (DB: 0) | 302 Found [http://www.example.com/sessions/destroy]


Processing LocationsController#show (for 127.0.0.1 at 2010-02-03 13:32:23) [GET]
  Parameters: {"id"=>1}
  [4;36;1mLocation Load (0.3ms)[0m   [0;1mSELECT * FROM "locations" WHERE ("locations"."id" = 1) [0m


Processing ApplicationController#show (for 127.0.0.1 at 2010-02-03 13:32:23) [GET]
  Parameters: {"id"=>1}


Processing SessionsController#destroy (for 127.0.0.1 at 2010-02-03 13:32:23) [GET]
Redirected to http://www.example.com/
Completed in 1ms (DB: 0) | 302 Found [http://www.example.com/sessions/destroy]


Processing LocationsController#show (for 127.0.0.1 at 2010-02-03 13:32:23) [GET]
  Parameters: {"id"=>1}
  [4;35;1mLocation Load (0.3ms)[0m   [0mSELECT * FROM "locations" WHERE ("locations"."id" = 1) [0m


Processing ApplicationController#show (for 127.0.0.1 at 2010-02-03 13:32:23) [GET]
  Parameters: {"id"=>1}


Processing SessionsController#destroy (for 127.0.0.1 at 2010-02-03 13:32:23) [GET]
Redirected to http://www.example.com/
Completed in 1ms (DB: 0) | 302 Found [http://www.example.com/sessions/destroy]


Processing LocationsController#show (for 127.0.0.1 at 2010-02-03 13:32:23) [GET]
  Parameters: {"id"=>1}
  [4;36;1mLocation Load (0.3ms)[0m   [0;1mSELECT * FROM "locations" WHERE ("locations"."id" = 1) [0m


Processing ApplicationController#show (for 127.0.0.1 at 2010-02-03 13:32:23) [GET]
  Parameters: {"id"=>1}


Processing SessionsController#destroy (for 127.0.0.1 at 2010-02-03 13:32:23) [GET]
Redirected to http://www.example.com/
Completed in 1ms (DB: 0) | 302 Found [http://www.example.com/sessions/destroy]


Processing LocationsController#show (for 127.0.0.1 at 2010-02-03 13:32:23) [GET]
  Parameters: {"id"=>1}
  [4;35;1mLocation Load (0.3ms)[0m   [0mSELECT * FROM "locations" WHERE ("locations"."id" = 1) [0m


Processing ApplicationController#show (for 127.0.0.1 at 2010-02-03 13:32:23) [GET]
  Parameters: {"id"=>1}
REQUESTING PAGE: GET / with {} and HTTP headers {}


Processing LocationsController#show (for 127.0.0.1 at 2010-02-03 13:32:23) [GET]
  Parameters: {"id"=>1}
  [4;36;1mLocation Load (0.3ms)[0m   [0;1mSELECT * FROM "locations" WHERE ("locations"."id" = 1) [0m


Processing ApplicationController#show (for 127.0.0.1 at 2010-02-03 13:32:23) [GET]
  Parameters: {"id"=>1}


Processing SessionsController#destroy (for 127.0.0.1 at 2010-02-03 13:32:23) [GET]
Redirected to http://www.example.com/
Completed in 1ms (DB: 1) | 302 Found [http://www.example.com/sessions/destroy]


Processing LocationsController#show (for 127.0.0.1 at 2010-02-03 13:32:23) [GET]
  Parameters: {"id"=>1}
  [4;35;1mLocation Load (0.3ms)[0m   [0mSELECT * FROM "locations" WHERE ("locations"."id" = 1) [0m


Processing ApplicationController#show (for 127.0.0.1 at 2010-02-03 13:32:23) [GET]
  Parameters: {"id"=>1}


Processing SessionsController#destroy (for 127.0.0.1 at 2010-02-03 13:32:23) [GET]
Redirected to http://www.example.com/
Completed in 1ms (DB: 0) | 302 Found [http://www.example.com/sessions/destroy]


Processing LocationsController#show (for 127.0.0.1 at 2010-02-03 13:32:23) [GET]
  Parameters: {"id"=>1}
  [4;36;1mLocation Load (0.3ms)[0m   [0;1mSELECT * FROM "locations" WHERE ("locations"."id" = 1) [0m


Processing ApplicationController#show (for 127.0.0.1 at 2010-02-03 13:32:23) [GET]
  Parameters: {"id"=>1}


Processing UsersController#create (for 127.0.0.1 at 2010-02-03 13:32:23) [POST]
  Parameters: {"user"=>{"password_confirmation"=>"monkey", "login"=>"reggie", "password"=>"monkey", "email"=>"registered@example.com"}}
  [4;35;1mUser Load (0.3ms)[0m   [0mSELECT "users".id FROM "users" WHERE ("users"."login" = 'reggie') LIMIT 1[0m
  [4;36;1mCACHE (0.0ms)[0m   [0;1mSELECT "users".id FROM "users" WHERE ("users"."login" = 'reggie') LIMIT 1[0m
Rendering template within layouts/application
Rendering users/new
Completed in 44ms (View: 27, DB: 1) | 200 OK [http://www.example.com/users]
  [4;35;1mUser Load (0.3ms)[0m   [0mSELECT * FROM "users" WHERE ("users"."login" = 'reggie') LIMIT 1[0m


Processing SessionsController#destroy (for 127.0.0.1 at 2010-02-03 13:32:23) [GET]
Redirected to http://www.example.com/
Completed in 0ms (DB: 0) | 302 Found [http://www.example.com/sessions/destroy]


Processing LocationsController#show (for 127.0.0.1 at 2010-02-03 13:32:23) [GET]
  Parameters: {"id"=>1}
  [4;36;1mLocation Load (0.3ms)[0m   [0;1mSELECT * FROM "locations" WHERE ("locations"."id" = 1) [0m


Processing ApplicationController#show (for 127.0.0.1 at 2010-02-03 13:32:23) [GET]
  Parameters: {"id"=>1}


Processing UsersController#create (for 127.0.0.1 at 2010-02-03 13:32:23) [POST]
  Parameters: {"user"=>{"password_confirmation"=>"1234oona", "login"=>"oona", "password"=>"1234oona", "email"=>"unactivated@example.com"}}
  [4;35;1mUser Load (0.3ms)[0m   [0mSELECT "users".id FROM "users" WHERE ("users"."login" = 'oona') LIMIT 1[0m
  [4;36;1mCACHE (0.0ms)[0m   [0;1mSELECT "users".id FROM "users" WHERE ("users"."login" = 'oona') LIMIT 1[0m
Rendering template within layouts/application
Rendering users/new
Completed in 32ms (View: 27, DB: 1) | 200 OK [http://www.example.com/users]
  [4;35;1mUser Load (0.2ms)[0m   [0mSELECT * FROM "users" WHERE ("users"."login" = 'oona') LIMIT 1[0m


Processing UsersController#create (for 127.0.0.1 at 2010-02-03 13:32:23) [POST]
  Parameters: {"user"=>{"password_confirmation"=>"monkey", "login"=>"reggie", "password"=>"monkey", "email"=>"registered@example.com"}}
  [4;36;1mUser Load (0.3ms)[0m   [0;1mSELECT "users".id FROM "users" WHERE ("users"."login" = 'reggie') LIMIT 1[0m
  [4;35;1mCACHE (0.0ms)[0m   [0mSELECT "users".id FROM "users" WHERE ("users"."login" = 'reggie') LIMIT 1[0m
Rendering template within layouts/application
Rendering users/new
Completed in 28ms (View: 24, DB: 0) | 200 OK [http://www.example.com/users]
  [4;36;1mUser Load (0.2ms)[0m   [0;1mSELECT * FROM "users" WHERE ("users"."login" = 'reggie') LIMIT 1[0m


Processing SessionsController#destroy (for 127.0.0.1 at 2010-02-03 13:32:23) [GET]
Redirected to http://www.example.com/
Completed in 1ms (DB: 0) | 302 Found [http://www.example.com/sessions/destroy]


Processing LocationsController#show (for 127.0.0.1 at 2010-02-03 13:32:23) [GET]
  Parameters: {"id"=>1}
  [4;35;1mLocation Load (0.3ms)[0m   [0mSELECT * FROM "locations" WHERE ("locations"."id" = 1) [0m


Processing ApplicationController#show (for 127.0.0.1 at 2010-02-03 13:32:23) [GET]
  Parameters: {"id"=>1}


Processing UsersController#create (for 127.0.0.1 at 2010-02-03 13:32:24) [POST]
  Parameters: {"user"=>{"password_confirmation"=>"monkey", "login"=>"reggie", "password"=>"monkey", "email"=>"registered@example.com"}}
  [4;36;1mUser Load (0.3ms)[0m   [0;1mSELECT "users".id FROM "users" WHERE ("users"."login" = 'reggie') LIMIT 1[0m
  [4;35;1mCACHE (0.0ms)[0m   [0mSELECT "users".id FROM "users" WHERE ("users"."login" = 'reggie') LIMIT 1[0m
Rendering template within layouts/application
Rendering users/new
Completed in 26ms (View: 21, DB: 1) | 200 OK [http://www.example.com/users]
  [4;36;1mUser Load (0.2ms)[0m   [0;1mSELECT * FROM "users" WHERE ("users"."login" = 'reggie') LIMIT 1[0m


Processing SessionsController#destroy (for 127.0.0.1 at 2010-02-03 13:33:18) [GET]
Redirected to http://www.example.com/
Completed in 78ms (DB: 0) | 302 Found [http://www.example.com/sessions/destroy]


Processing LocationsController#show (for 127.0.0.1 at 2010-02-03 13:33:18) [GET]
  Parameters: {"id"=>1}
  [4;36;1mLocation Load (0.3ms)[0m   [0;1mSELECT * FROM "locations" WHERE ("locations"."id" = 1) [0m


Processing ApplicationController#show (for 127.0.0.1 at 2010-02-03 13:33:18) [GET]
  Parameters: {"id"=>1}


Processing SessionsController#destroy (for 127.0.0.1 at 2010-02-03 13:33:18) [GET]
Redirected to http://www.example.com/
Completed in 0ms (DB: 0) | 302 Found [http://www.example.com/sessions/destroy]


Processing LocationsController#show (for 127.0.0.1 at 2010-02-03 13:33:18) [GET]
  Parameters: {"id"=>1}
  [4;35;1mLocation Load (0.3ms)[0m   [0mSELECT * FROM "locations" WHERE ("locations"."id" = 1) [0m


Processing ApplicationController#show (for 127.0.0.1 at 2010-02-03 13:33:18) [GET]
  Parameters: {"id"=>1}


Processing SessionsController#destroy (for 127.0.0.1 at 2010-02-03 13:33:18) [GET]
Redirected to http://www.example.com/
Completed in 0ms (DB: 0) | 302 Found [http://www.example.com/sessions/destroy]


Processing LocationsController#show (for 127.0.0.1 at 2010-02-03 13:33:18) [GET]
  Parameters: {"id"=>1}
  [4;36;1mLocation Load (0.3ms)[0m   [0;1mSELECT * FROM "locations" WHERE ("locations"."id" = 1) [0m


Processing ApplicationController#show (for 127.0.0.1 at 2010-02-03 13:33:18) [GET]
  Parameters: {"id"=>1}


Processing SessionsController#destroy (for 127.0.0.1 at 2010-02-03 13:33:18) [GET]
Redirected to http://www.example.com/
Completed in 0ms (DB: 0) | 302 Found [http://www.example.com/sessions/destroy]


Processing LocationsController#show (for 127.0.0.1 at 2010-02-03 13:33:18) [GET]
  Parameters: {"id"=>1}
  [4;35;1mLocation Load (0.3ms)[0m   [0mSELECT * FROM "locations" WHERE ("locations"."id" = 1) [0m


Processing ApplicationController#show (for 127.0.0.1 at 2010-02-03 13:33:18) [GET]
  Parameters: {"id"=>1}


Processing SessionsController#destroy (for 127.0.0.1 at 2010-02-03 13:33:18) [GET]
Redirected to http://www.example.com/
Completed in 0ms (DB: 0) | 302 Found [http://www.example.com/sessions/destroy]


Processing LocationsController#show (for 127.0.0.1 at 2010-02-03 13:33:18) [GET]
  Parameters: {"id"=>1}
  [4;36;1mLocation Load (0.3ms)[0m   [0;1mSELECT * FROM "locations" WHERE ("locations"."id" = 1) [0m


Processing ApplicationController#show (for 127.0.0.1 at 2010-02-03 13:33:18) [GET]
  Parameters: {"id"=>1}


Processing SessionsController#destroy (for 127.0.0.1 at 2010-02-03 13:33:18) [GET]
Redirected to http://www.example.com/
Completed in 1ms (DB: 0) | 302 Found [http://www.example.com/sessions/destroy]


Processing LocationsController#show (for 127.0.0.1 at 2010-02-03 13:33:18) [GET]
  Parameters: {"id"=>1}
  [4;35;1mLocation Load (0.3ms)[0m   [0mSELECT * FROM "locations" WHERE ("locations"."id" = 1) [0m


Processing ApplicationController#show (for 127.0.0.1 at 2010-02-03 13:33:18) [GET]
  Parameters: {"id"=>1}


Processing SessionsController#destroy (for 127.0.0.1 at 2010-02-03 13:33:18) [GET]
Redirected to http://www.example.com/
Completed in 0ms (DB: 0) | 302 Found [http://www.example.com/sessions/destroy]


Processing LocationsController#show (for 127.0.0.1 at 2010-02-03 13:33:18) [GET]
  Parameters: {"id"=>1}
  [4;36;1mLocation Load (0.3ms)[0m   [0;1mSELECT * FROM "locations" WHERE ("locations"."id" = 1) [0m


Processing ApplicationController#show (for 127.0.0.1 at 2010-02-03 13:33:18) [GET]
  Parameters: {"id"=>1}


Processing SessionsController#destroy (for 127.0.0.1 at 2010-02-03 13:33:18) [GET]
Redirected to http://www.example.com/
Completed in 0ms (DB: 0) | 302 Found [http://www.example.com/sessions/destroy]


Processing LocationsController#show (for 127.0.0.1 at 2010-02-03 13:33:18) [GET]
  Parameters: {"id"=>1}
  [4;35;1mLocation Load (0.3ms)[0m   [0mSELECT * FROM "locations" WHERE ("locations"."id" = 1) [0m


Processing ApplicationController#show (for 127.0.0.1 at 2010-02-03 13:33:18) [GET]
  Parameters: {"id"=>1}
REQUESTING PAGE: GET / with {} and HTTP headers {}


Processing LocationsController#show (for 127.0.0.1 at 2010-02-03 13:33:18) [GET]
  Parameters: {"id"=>1}
  [4;36;1mLocation Load (0.3ms)[0m   [0;1mSELECT * FROM "locations" WHERE ("locations"."id" = 1) [0m


Processing ApplicationController#show (for 127.0.0.1 at 2010-02-03 13:33:18) [GET]
  Parameters: {"id"=>1}


Processing SessionsController#destroy (for 127.0.0.1 at 2010-02-03 13:33:18) [GET]
Redirected to http://www.example.com/
Completed in 0ms (DB: 1) | 302 Found [http://www.example.com/sessions/destroy]


Processing LocationsController#show (for 127.0.0.1 at 2010-02-03 13:33:18) [GET]
  Parameters: {"id"=>1}
  [4;35;1mLocation Load (0.3ms)[0m   [0mSELECT * FROM "locations" WHERE ("locations"."id" = 1) [0m


Processing ApplicationController#show (for 127.0.0.1 at 2010-02-03 13:33:18) [GET]
  Parameters: {"id"=>1}


Processing SessionsController#destroy (for 127.0.0.1 at 2010-02-03 13:33:18) [GET]
Redirected to http://www.example.com/
Completed in 0ms (DB: 0) | 302 Found [http://www.example.com/sessions/destroy]


Processing LocationsController#show (for 127.0.0.1 at 2010-02-03 13:33:18) [GET]
  Parameters: {"id"=>1}
  [4;36;1mLocation Load (0.3ms)[0m   [0;1mSELECT * FROM "locations" WHERE ("locations"."id" = 1) [0m


Processing ApplicationController#show (for 127.0.0.1 at 2010-02-03 13:33:18) [GET]
  Parameters: {"id"=>1}


Processing UsersController#create (for 127.0.0.1 at 2010-02-03 13:33:18) [POST]
  Parameters: {"user"=>{"password_confirmation"=>"monkey", "login"=>"reggie", "password"=>"monkey", "email"=>"registered@example.com"}}
  [4;35;1mUser Load (0.4ms)[0m   [0mSELECT "users".id FROM "users" WHERE ("users"."login" = 'reggie') LIMIT 1[0m
  [4;36;1mCACHE (0.0ms)[0m   [0;1mSELECT "users".id FROM "users" WHERE ("users"."login" = 'reggie') LIMIT 1[0m
Rendering template within layouts/application
Rendering users/new
Completed in 44ms (View: 27, DB: 1) | 200 OK [http://www.example.com/users]
  [4;35;1mUser Load (0.3ms)[0m   [0mSELECT * FROM "users" WHERE ("users"."login" = 'reggie') LIMIT 1[0m


Processing SessionsController#destroy (for 127.0.0.1 at 2010-02-03 13:33:18) [GET]
Redirected to http://www.example.com/
Completed in 1ms (DB: 0) | 302 Found [http://www.example.com/sessions/destroy]


Processing LocationsController#show (for 127.0.0.1 at 2010-02-03 13:33:18) [GET]
  Parameters: {"id"=>1}
  [4;36;1mLocation Load (0.3ms)[0m   [0;1mSELECT * FROM "locations" WHERE ("locations"."id" = 1) [0m


Processing ApplicationController#show (for 127.0.0.1 at 2010-02-03 13:33:18) [GET]
  Parameters: {"id"=>1}


Processing UsersController#create (for 127.0.0.1 at 2010-02-03 13:33:18) [POST]
  Parameters: {"user"=>{"password_confirmation"=>"1234oona", "login"=>"oona", "password"=>"1234oona", "email"=>"unactivated@example.com"}}
  [4;35;1mUser Load (0.3ms)[0m   [0mSELECT "users".id FROM "users" WHERE ("users"."login" = 'oona') LIMIT 1[0m
  [4;36;1mCACHE (0.0ms)[0m   [0;1mSELECT "users".id FROM "users" WHERE ("users"."login" = 'oona') LIMIT 1[0m
Rendering template within layouts/application
Rendering users/new
Completed in 28ms (View: 23, DB: 1) | 200 OK [http://www.example.com/users]
  [4;35;1mUser Load (0.2ms)[0m   [0mSELECT * FROM "users" WHERE ("users"."login" = 'oona') LIMIT 1[0m


Processing UsersController#create (for 127.0.0.1 at 2010-02-03 13:33:18) [POST]
  Parameters: {"user"=>{"password_confirmation"=>"monkey", "login"=>"reggie", "password"=>"monkey", "email"=>"registered@example.com"}}
  [4;36;1mUser Load (0.3ms)[0m   [0;1mSELECT "users".id FROM "users" WHERE ("users"."login" = 'reggie') LIMIT 1[0m
  [4;35;1mCACHE (0.0ms)[0m   [0mSELECT "users".id FROM "users" WHERE ("users"."login" = 'reggie') LIMIT 1[0m
Rendering template within layouts/application
Rendering users/new
Completed in 25ms (View: 21, DB: 1) | 200 OK [http://www.example.com/users]
  [4;36;1mUser Load (0.2ms)[0m   [0;1mSELECT * FROM "users" WHERE ("users"."login" = 'reggie') LIMIT 1[0m


Processing SessionsController#destroy (for 127.0.0.1 at 2010-02-03 13:33:19) [GET]
Redirected to http://www.example.com/
Completed in 0ms (DB: 0) | 302 Found [http://www.example.com/sessions/destroy]


Processing LocationsController#show (for 127.0.0.1 at 2010-02-03 13:33:19) [GET]
  Parameters: {"id"=>1}
  [4;35;1mLocation Load (0.3ms)[0m   [0mSELECT * FROM "locations" WHERE ("locations"."id" = 1) [0m


Processing ApplicationController#show (for 127.0.0.1 at 2010-02-03 13:33:19) [GET]
  Parameters: {"id"=>1}


Processing UsersController#create (for 127.0.0.1 at 2010-02-03 13:33:19) [POST]
  Parameters: {"user"=>{"password_confirmation"=>"monkey", "login"=>"reggie", "password"=>"monkey", "email"=>"registered@example.com"}}
  [4;36;1mUser Load (0.3ms)[0m   [0;1mSELECT "users".id FROM "users" WHERE ("users"."login" = 'reggie') LIMIT 1[0m
  [4;35;1mCACHE (0.0ms)[0m   [0mSELECT "users".id FROM "users" WHERE ("users"."login" = 'reggie') LIMIT 1[0m
Rendering template within layouts/application
Rendering users/new
Completed in 25ms (View: 20, DB: 1) | 200 OK [http://www.example.com/users]
  [4;36;1mUser Load (0.2ms)[0m   [0;1mSELECT * FROM "users" WHERE ("users"."login" = 'reggie') LIMIT 1[0m


Processing SessionsController#destroy (for 127.0.0.1 at 2010-02-03 13:34:18) [GET]
Redirected to http://www.example.com/
Completed in 81ms (DB: 2) | 302 Found [http://www.example.com/sessions/destroy]


Processing LocationsController#show (for 127.0.0.1 at 2010-02-03 13:34:18) [GET]
  Parameters: {"id"=>1}
  [4;36;1mLocation Load (0.5ms)[0m   [0;1mSELECT * FROM "locations" WHERE ("locations"."id" = 1) [0m
Rendering template within layouts/application
Rendering locations/show


Processing ApplicationController#show (for 127.0.0.1 at 2010-02-03 13:34:18) [GET]
  Parameters: {"id"=>1}


Processing SessionsController#destroy (for 127.0.0.1 at 2010-02-03 13:34:18) [GET]
Redirected to http://www.example.com/
Completed in 0ms (DB: 1) | 302 Found [http://www.example.com/sessions/destroy]


Processing LocationsController#show (for 127.0.0.1 at 2010-02-03 13:34:18) [GET]
  Parameters: {"id"=>1}
  [4;35;1mLocation Load (0.4ms)[0m   [0mSELECT * FROM "locations" WHERE ("locations"."id" = 1) [0m
Rendering template within layouts/application
Rendering locations/show


Processing ApplicationController#show (for 127.0.0.1 at 2010-02-03 13:34:18) [GET]
  Parameters: {"id"=>1}


Processing SessionsController#destroy (for 127.0.0.1 at 2010-02-03 13:34:18) [GET]
Redirected to http://www.example.com/
Completed in 0ms (DB: 1) | 302 Found [http://www.example.com/sessions/destroy]


Processing LocationsController#show (for 127.0.0.1 at 2010-02-03 13:34:18) [GET]
  Parameters: {"id"=>1}
  [4;36;1mLocation Load (0.4ms)[0m   [0;1mSELECT * FROM "locations" WHERE ("locations"."id" = 1) [0m
Rendering template within layouts/application
Rendering locations/show


Processing ApplicationController#show (for 127.0.0.1 at 2010-02-03 13:34:18) [GET]
  Parameters: {"id"=>1}


Processing SessionsController#destroy (for 127.0.0.1 at 2010-02-03 13:34:18) [GET]
Redirected to http://www.example.com/
Completed in 0ms (DB: 1) | 302 Found [http://www.example.com/sessions/destroy]


Processing LocationsController#show (for 127.0.0.1 at 2010-02-03 13:34:18) [GET]
  Parameters: {"id"=>1}
  [4;35;1mLocation Load (0.5ms)[0m   [0mSELECT * FROM "locations" WHERE ("locations"."id" = 1) [0m
Rendering template within layouts/application
Rendering locations/show


Processing ApplicationController#show (for 127.0.0.1 at 2010-02-03 13:34:18) [GET]
  Parameters: {"id"=>1}


Processing SessionsController#destroy (for 127.0.0.1 at 2010-02-03 13:34:18) [GET]
Redirected to http://www.example.com/
Completed in 0ms (DB: 1) | 302 Found [http://www.example.com/sessions/destroy]


Processing LocationsController#show (for 127.0.0.1 at 2010-02-03 13:34:18) [GET]
  Parameters: {"id"=>1}
  [4;36;1mLocation Load (0.5ms)[0m   [0;1mSELECT * FROM "locations" WHERE ("locations"."id" = 1) [0m
Rendering template within layouts/application
Rendering locations/show


Processing ApplicationController#show (for 127.0.0.1 at 2010-02-03 13:34:18) [GET]
  Parameters: {"id"=>1}


Processing SessionsController#destroy (for 127.0.0.1 at 2010-02-03 13:34:18) [GET]
Redirected to http://www.example.com/
Completed in 1ms (DB: 1) | 302 Found [http://www.example.com/sessions/destroy]


Processing LocationsController#show (for 127.0.0.1 at 2010-02-03 13:34:18) [GET]
  Parameters: {"id"=>1}
  [4;35;1mLocation Load (0.6ms)[0m   [0mSELECT * FROM "locations" WHERE ("locations"."id" = 1) [0m
Rendering template within layouts/application
Rendering locations/show


Processing ApplicationController#show (for 127.0.0.1 at 2010-02-03 13:34:18) [GET]
  Parameters: {"id"=>1}


Processing SessionsController#destroy (for 127.0.0.1 at 2010-02-03 13:34:18) [GET]
Redirected to http://www.example.com/
Completed in 0ms (DB: 1) | 302 Found [http://www.example.com/sessions/destroy]


Processing LocationsController#show (for 127.0.0.1 at 2010-02-03 13:34:18) [GET]
  Parameters: {"id"=>1}
  [4;36;1mLocation Load (0.4ms)[0m   [0;1mSELECT * FROM "locations" WHERE ("locations"."id" = 1) [0m
Rendering template within layouts/application
Rendering locations/show


Processing ApplicationController#show (for 127.0.0.1 at 2010-02-03 13:34:18) [GET]
  Parameters: {"id"=>1}


Processing SessionsController#destroy (for 127.0.0.1 at 2010-02-03 13:34:18) [GET]
Redirected to http://www.example.com/
Completed in 0ms (DB: 1) | 302 Found [http://www.example.com/sessions/destroy]


Processing LocationsController#show (for 127.0.0.1 at 2010-02-03 13:34:18) [GET]
  Parameters: {"id"=>1}
  [4;35;1mLocation Load (2.0ms)[0m   [0mSELECT * FROM "locations" WHERE ("locations"."id" = 1) [0m
Rendering template within layouts/application
Rendering locations/show


Processing ApplicationController#show (for 127.0.0.1 at 2010-02-03 13:34:18) [GET]
  Parameters: {"id"=>1}
REQUESTING PAGE: GET / with {} and HTTP headers {}


Processing LocationsController#show (for 127.0.0.1 at 2010-02-03 13:34:19) [GET]
  Parameters: {"id"=>1}
  [4;36;1mLocation Load (0.6ms)[0m   [0;1mSELECT * FROM "locations" WHERE ("locations"."id" = 1) [0m
Rendering template within layouts/application
Rendering locations/show


Processing ApplicationController#show (for 127.0.0.1 at 2010-02-03 13:34:19) [GET]
  Parameters: {"id"=>1}


Processing SessionsController#destroy (for 127.0.0.1 at 2010-02-03 13:34:19) [GET]
Redirected to http://www.example.com/
Completed in 0ms (DB: 1) | 302 Found [http://www.example.com/sessions/destroy]


Processing LocationsController#show (for 127.0.0.1 at 2010-02-03 13:34:19) [GET]
  Parameters: {"id"=>1}
  [4;35;1mLocation Load (0.4ms)[0m   [0mSELECT * FROM "locations" WHERE ("locations"."id" = 1) [0m
Rendering template within layouts/application
Rendering locations/show


Processing ApplicationController#show (for 127.0.0.1 at 2010-02-03 13:34:19) [GET]
  Parameters: {"id"=>1}


Processing SessionsController#destroy (for 127.0.0.1 at 2010-02-03 13:34:19) [GET]
Redirected to http://www.example.com/
Completed in 1ms (DB: 1) | 302 Found [http://www.example.com/sessions/destroy]


Processing LocationsController#show (for 127.0.0.1 at 2010-02-03 13:34:19) [GET]
  Parameters: {"id"=>1}
  [4;36;1mLocation Load (0.4ms)[0m   [0;1mSELECT * FROM "locations" WHERE ("locations"."id" = 1) [0m
Rendering template within layouts/application
Rendering locations/show


Processing ApplicationController#show (for 127.0.0.1 at 2010-02-03 13:34:19) [GET]
  Parameters: {"id"=>1}


Processing UsersController#create (for 127.0.0.1 at 2010-02-03 13:34:19) [POST]
  Parameters: {"user"=>{"password_confirmation"=>"monkey", "login"=>"reggie", "password"=>"monkey", "email"=>"registered@example.com"}}
  [4;35;1mUser Load (0.2ms)[0m   [0mSELECT "users".id FROM "users" WHERE ("users"."login" = 'reggie') LIMIT 1[0m
  [4;36;1mCACHE (0.0ms)[0m   [0;1mSELECT "users".id FROM "users" WHERE ("users"."login" = 'reggie') LIMIT 1[0m
Rendering template within layouts/application
Rendering users/new
Completed in 42ms (View: 30, DB: 1) | 200 OK [http://www.example.com/users]
  [4;35;1mUser Load (0.3ms)[0m   [0mSELECT * FROM "users" WHERE ("users"."login" = 'reggie') LIMIT 1[0m


Processing SessionsController#destroy (for 127.0.0.1 at 2010-02-03 13:34:19) [GET]
Redirected to http://www.example.com/
Completed in 0ms (DB: 2) | 302 Found [http://www.example.com/sessions/destroy]


Processing LocationsController#show (for 127.0.0.1 at 2010-02-03 13:34:19) [GET]
  Parameters: {"id"=>1}
  [4;36;1mLocation Load (0.5ms)[0m   [0;1mSELECT * FROM "locations" WHERE ("locations"."id" = 1) [0m
Rendering template within layouts/application
Rendering locations/show


Processing ApplicationController#show (for 127.0.0.1 at 2010-02-03 13:34:19) [GET]
  Parameters: {"id"=>1}


Processing UsersController#create (for 127.0.0.1 at 2010-02-03 13:34:19) [POST]
  Parameters: {"user"=>{"password_confirmation"=>"1234oona", "login"=>"oona", "password"=>"1234oona", "email"=>"unactivated@example.com"}}
  [4;35;1mUser Load (0.2ms)[0m   [0mSELECT "users".id FROM "users" WHERE ("users"."login" = 'oona') LIMIT 1[0m
  [4;36;1mCACHE (0.0ms)[0m   [0;1mSELECT "users".id FROM "users" WHERE ("users"."login" = 'oona') LIMIT 1[0m
Rendering template within layouts/application
Rendering users/new
Completed in 29ms (View: 23, DB: 2) | 200 OK [http://www.example.com/users]
  [4;35;1mUser Load (0.3ms)[0m   [0mSELECT * FROM "users" WHERE ("users"."login" = 'oona') LIMIT 1[0m


Processing UsersController#create (for 127.0.0.1 at 2010-02-03 13:34:19) [POST]
  Parameters: {"user"=>{"password_confirmation"=>"monkey", "login"=>"reggie", "password"=>"monkey", "email"=>"registered@example.com"}}
  [4;36;1mUser Load (0.2ms)[0m   [0;1mSELECT "users".id FROM "users" WHERE ("users"."login" = 'reggie') LIMIT 1[0m
  [4;35;1mCACHE (0.0ms)[0m   [0mSELECT "users".id FROM "users" WHERE ("users"."login" = 'reggie') LIMIT 1[0m
Rendering template within layouts/application
Rendering users/new
Completed in 24ms (View: 19, DB: 2) | 200 OK [http://www.example.com/users]
  [4;36;1mUser Load (0.8ms)[0m   [0;1mSELECT * FROM "users" WHERE ("users"."login" = 'reggie') LIMIT 1[0m


Processing SessionsController#destroy (for 127.0.0.1 at 2010-02-03 13:34:19) [GET]
Redirected to http://www.example.com/
Completed in 1ms (DB: 13) | 302 Found [http://www.example.com/sessions/destroy]


Processing LocationsController#show (for 127.0.0.1 at 2010-02-03 13:34:19) [GET]
  Parameters: {"id"=>1}
  [4;35;1mLocation Load (4.8ms)[0m   [0mSELECT * FROM "locations" WHERE ("locations"."id" = 1) [0m
Rendering template within layouts/application
Rendering locations/show


Processing ApplicationController#show (for 127.0.0.1 at 2010-02-03 13:34:19) [GET]
  Parameters: {"id"=>1}


Processing UsersController#create (for 127.0.0.1 at 2010-02-03 13:34:19) [POST]
  Parameters: {"user"=>{"password_confirmation"=>"monkey", "login"=>"reggie", "password"=>"monkey", "email"=>"registered@example.com"}}
  [4;36;1mUser Load (0.2ms)[0m   [0;1mSELECT "users".id FROM "users" WHERE ("users"."login" = 'reggie') LIMIT 1[0m
  [4;35;1mCACHE (0.0ms)[0m   [0mSELECT "users".id FROM "users" WHERE ("users"."login" = 'reggie') LIMIT 1[0m
Rendering template within layouts/application
Rendering users/new
Completed in 31ms (View: 23, DB: 2) | 200 OK [http://www.example.com/users]
  [4;36;1mUser Load (0.2ms)[0m   [0;1mSELECT * FROM "users" WHERE ("users"."login" = 'reggie') LIMIT 1[0m
REQUESTING PAGE: GET / with {} and HTTP headers {}


Processing LocationsController#show (for 127.0.0.1 at 2010-02-03 13:34:51) [GET]
  Parameters: {"id"=>1}
  [4;36;1mLocation Load (0.5ms)[0m   [0;1mSELECT * FROM "locations" WHERE ("locations"."id" = 1) [0m
Rendering template within layouts/application
Rendering locations/show


Processing ApplicationController#show (for 127.0.0.1 at 2010-02-03 13:34:51) [GET]
  Parameters: {"id"=>1}
REQUESTING PAGE: GET / with {} and HTTP headers {}


Processing LocationsController#show (for 127.0.0.1 at 2010-02-03 13:36:57) [GET]
  Parameters: {"id"=>1}
  [4;36;1mLocation Load (0.5ms)[0m   [0;1mSELECT * FROM "locations" WHERE ("locations"."id" = 1) [0m
Rendering template within layouts/application
Rendering locations/show


Processing ApplicationController#show (for 127.0.0.1 at 2010-02-03 13:36:57) [GET]
  Parameters: {"id"=>1}
REQUESTING PAGE: GET / with {} and HTTP headers {}


Processing LocationsController#show (for 127.0.0.1 at 2010-02-03 13:39:13) [GET]
  Parameters: {"id"=>1}
  [4;36;1mLocation Load (0.5ms)[0m   [0;1mSELECT * FROM "locations" WHERE ("locations"."id" = 1) [0m
Rendering template within layouts/application
Rendering locations/show


Processing ApplicationController#show (for 127.0.0.1 at 2010-02-03 13:39:13) [GET]
  Parameters: {"id"=>1}
REQUESTING PAGE: GET / with {} and HTTP headers {}


Processing LocationsController#show (for 127.0.0.1 at 2010-02-03 13:40:24) [GET]
  Parameters: {"id"=>1}
  [4;36;1mLocation Load (0.5ms)[0m   [0;1mSELECT * FROM "locations" WHERE ("locations"."id" = 1) [0m
Rendering template within layouts/application
Rendering locations/show
  [4;35;1mDesk Load (0.2ms)[0m   [0mSELECT * FROM "desks" WHERE ("desks".location_id = 1) [0m
Completed in 97ms (View: 93, DB: 3) | 200 OK [http://www.example.com/]
REQUESTING PAGE: GET / with {} and HTTP headers {}


Processing LocationsController#show (for 127.0.0.1 at 2010-02-03 13:42:00) [GET]
  Parameters: {"id"=>1}
  [4;36;1mLocation Load (0.5ms)[0m   [0;1mSELECT * FROM "locations" WHERE ("locations"."id" = 1) [0m
Rendering template within layouts/application
Rendering locations/show
  [4;35;1mDesk Load (0.2ms)[0m   [0mSELECT * FROM "desks" WHERE ("desks".location_id = 1) [0m
Completed in 98ms (View: 92, DB: 3) | 200 OK [http://www.example.com/]
REQUESTING PAGE: GET / with {} and HTTP headers {}


Processing LocationsController#show (for 127.0.0.1 at 2010-02-03 13:43:10) [GET]
  Parameters: {"id"=>1}
  [4;36;1mLocation Load (0.5ms)[0m   [0;1mSELECT * FROM "locations" WHERE ("locations"."id" = 1) [0m
Rendering template within layouts/application
Rendering locations/show
  [4;35;1mDesk Load (0.2ms)[0m   [0mSELECT * FROM "desks" WHERE ("desks".location_id = 1) [0m
Completed in 102ms (View: 97, DB: 3) | 200 OK [http://www.example.com/]


Processing SessionsController#destroy (for 127.0.0.1 at 2010-02-03 13:45:24) [GET]
Redirected to http://www.example.com/
Completed in 79ms (DB: 2) | 302 Found [http://www.example.com/sessions/destroy]


Processing LocationsController#show (for 127.0.0.1 at 2010-02-03 13:45:24) [GET]
  Parameters: {"id"=>1}
  [4;36;1mLocation Load (0.5ms)[0m   [0;1mSELECT * FROM "locations" WHERE ("locations"."id" = 1) [0m
Rendering template within layouts/application
Rendering locations/show
  [4;35;1mDesk Load (0.2ms)[0m   [0mSELECT * FROM "desks" WHERE ("desks".location_id = 1) [0m
Completed in 17ms (View: 12, DB: 1) | 200 OK [http://www.example.com/]
REQUESTING PAGE: GET / with {} and HTTP headers {}


Processing LocationsController#show (for 127.0.0.1 at 2010-02-03 13:45:24) [GET]
  Parameters: {"id"=>1}
  [4;36;1mLocation Load (0.5ms)[0m   [0;1mSELECT * FROM "locations" WHERE ("locations"."id" = 1) [0m
Rendering template within layouts/application
Rendering locations/show
  [4;35;1mDesk Load (0.2ms)[0m   [0mSELECT * FROM "desks" WHERE ("desks".location_id = 1) [0m
Completed in 4ms (View: 2, DB: 1) | 200 OK [http://www.example.com/]
